0 info it worked if it ends with ok
1 verbose cli [ '/home/rosensama/.nvm/versions/node/v7.3.0/bin/node',
1 verbose cli   '/home/rosensama/.nvm/versions/node/v7.3.0/bin/npm',
1 verbose cli   'run',
1 verbose cli   'build' ]
2 info using npm@4.0.5
3 info using node@v7.3.0
4 verbose run-script [ 'prebuild', 'build', 'postbuild' ]
5 info lifecycle survive_js_webpack_repro@0.0.1~prebuild: survive_js_webpack_repro@0.0.1
6 silly lifecycle survive_js_webpack_repro@0.0.1~prebuild: no script for prebuild, continuing
7 info lifecycle survive_js_webpack_repro@0.0.1~build: survive_js_webpack_repro@0.0.1
8 verbose lifecycle survive_js_webpack_repro@0.0.1~build: unsafe-perm in lifecycle true
9 verbose lifecycle survive_js_webpack_repro@0.0.1~build: PATH: /home/rosensama/.nvm/versions/node/v7.3.0/lib/node_modules/npm/bin/node-gyp-bin:/home/rosensama/projects/survive_js_webpack_repro/node_modules/.bin:/home/rosensama/.nvm/versions/node/v7.3.0/bin:/home/rosensama/bin:/home/rosensama/.local/bin:/usr/local/sbin:/usr/local/bin:/usr/sbin:/usr/bin:/sbin:/bin:/usr/games:/usr/local/games:/snap/bin
10 verbose lifecycle survive_js_webpack_repro@0.0.1~build: CWD: /home/rosensama/projects/survive_js_webpack_repro
11 silly lifecycle survive_js_webpack_repro@0.0.1~build: Args: [ '-c', 'webpack' ]
12 silly lifecycle survive_js_webpack_repro@0.0.1~build: Returned: code: 2  signal: null
13 info lifecycle survive_js_webpack_repro@0.0.1~build: Failed to exec build script
14 verbose stack Error: survive_js_webpack_repro@0.0.1 build: `webpack`
14 verbose stack Exit status 2
14 verbose stack     at EventEmitter.<anonymous> (/home/rosensama/.nvm/versions/node/v7.3.0/lib/node_modules/npm/lib/utils/lifecycle.js:279:16)
14 verbose stack     at emitTwo (events.js:106:13)
14 verbose stack     at EventEmitter.emit (events.js:191:7)
14 verbose stack     at ChildProcess.<anonymous> (/home/rosensama/.nvm/versions/node/v7.3.0/lib/node_modules/npm/lib/utils/spawn.js:40:14)
14 verbose stack     at emitTwo (events.js:106:13)
14 verbose stack     at ChildProcess.emit (events.js:191:7)
14 verbose stack     at maybeClose (internal/child_process.js:885:16)
14 verbose stack     at Process.ChildProcess._handle.onexit (internal/child_process.js:226:5)
15 verbose pkgid survive_js_webpack_repro@0.0.1
16 verbose cwd /home/rosensama/projects/survive_js_webpack_repro
17 error Linux 4.8.0-32-generic
18 error argv "/home/rosensama/.nvm/versions/node/v7.3.0/bin/node" "/home/rosensama/.nvm/versions/node/v7.3.0/bin/npm" "run" "build"
19 error node v7.3.0
20 error npm  v4.0.5
21 error code ELIFECYCLE
22 error survive_js_webpack_repro@0.0.1 build: `webpack`
22 error Exit status 2
23 error Failed at the survive_js_webpack_repro@0.0.1 build script 'webpack'.
23 error Make sure you have the latest version of node.js and npm installed.
23 error If you do, this is most likely a problem with the survive_js_webpack_repro package,
23 error not with npm itself.
23 error Tell the author that this fails on your system:
23 error     webpack
23 error You can get information on how to open an issue for this project with:
23 error     npm bugs survive_js_webpack_repro
23 error Or if that isn't available, you can get their info via:
23 error     npm owner ls survive_js_webpack_repro
23 error There is likely additional logging output above.
24 verbose exit [ 1, true ]
